d:\c_grass_learning\project2\project2\debug\vc142.pdb
d:\c_grass_learning\project2\project2\debug\vc142.idb
d:\c_grass_learning\project2\project2\debug\访问权限_lof_7.obj
d:\c_grass_learning\project2\project2\debug\point.obj
d:\c_grass_learning\project2\project2\debug\函数提高_lof_5.obj
d:\c_grass_learning\project2\project2\debug\栈与堆_lof_2.obj
d:\c_grass_learning\project2\project2\debug\构造与析构_lof_11.obj
d:\c_grass_learning\project2\project2\debug\拷贝构造函数调用_lof_13.obj
d:\c_grass_learning\project2\project2\debug\成员信息私有化_lof_8.obj
d:\c_grass_learning\project2\project2\debug\引用_lof_4.obj
d:\c_grass_learning\project2\project2\debug\圆形与学生信息示例_lof_6.obj
d:\c_grass_learning\project2\project2\debug\分类与调用_lof_12.obj
d:\c_grass_learning\project2\project2\debug\全局区_lof_1.obj
d:\c_grass_learning\project2\project2\debug\new操作符_lof_3.obj
d:\c_grass_learning\project2\project2\debug\cube_lof_9.obj
d:\c_grass_learning\project2\project2\debug\circle_point_lof_10.obj
d:\c_grass_learning\project2\project2\debug\circle.obj
d:\c_grass_learning\project2\debug\project2.ilk
d:\c_grass_learning\project2\debug\project2.exe
d:\c_grass_learning\project2\debug\project2.pdb
d:\c_grass_learning\project2\project2\debug\project2.tlog\cl.command.1.tlog
d:\c_grass_learning\project2\project2\debug\project2.tlog\cl.read.1.tlog
d:\c_grass_learning\project2\project2\debug\project2.tlog\cl.write.1.tlog
d:\c_grass_learning\project2\project2\debug\project2.tlog\link.command.1.tlog
d:\c_grass_learning\project2\project2\debug\project2.tlog\link.read.1.tlog
d:\c_grass_learning\project2\project2\debug\project2.tlog\link.write.1.tlog
